[debug] [2023-12-22T21:42:25.867Z] ----------------------------------------------------------------------
[debug] [2023-12-22T21:42:25.868Z] Command:       /opt/homebrew/Cellar/node/20.7.0/bin/node /opt/homebrew/bin/firebase deploy
[debug] [2023-12-22T21:42:25.869Z] CLI Version:   13.0.2
[debug] [2023-12-22T21:42:25.869Z] Platform:      darwin
[debug] [2023-12-22T21:42:25.869Z] Node Version:  v20.7.0
[debug] [2023-12-22T21:42:25.869Z] Time:          Fri Dec 22 2023 22:42:25 GMT+0100 (GMT+01:00)
[debug] [2023-12-22T21:42:25.869Z] ----------------------------------------------------------------------
[debug] 
[debug] [2023-12-22T21:42:25.870Z] >>> [apiv2][query] GET https://firebase-public.firebaseio.com/cli.json [none]
[debug] [2023-12-22T21:42:25.925Z] > command requires scopes: ["email","openid","https://www.googleapis.com/auth/cloudplatformprojects.readonly","https://www.googleapis.com/auth/firebase","https://www.googleapis.com/auth/cloud-platform"]
[debug] [2023-12-22T21:42:25.925Z] > authorizing via signed-in user (dennysu12@gmail.com)
[debug] [2023-12-22T21:42:25.925Z] [iam] checking project salonirma-a559e for permissions ["firebase.projects.get","firebasehosting.sites.update"]
[debug] [2023-12-22T21:42:25.926Z] > refreshing access token with scopes: []
[debug] [2023-12-22T21:42:25.926Z] >>> [apiv2][query] POST https://www.googleapis.com/oauth2/v3/token [none]
[debug] [2023-12-22T21:42:25.926Z] >>> [apiv2][body] POST https://www.googleapis.com/oauth2/v3/token [omitted]
[debug] [2023-12-22T21:42:26.034Z] <<< [apiv2][status] POST https://www.googleapis.com/oauth2/v3/token 200
[debug] [2023-12-22T21:42:26.034Z] <<< [apiv2][body] POST https://www.googleapis.com/oauth2/v3/token [omitted]
[debug] [2023-12-22T21:42:26.047Z] >>> [apiv2][query] POST https://cloudresourcemanager.googleapis.com/v1/projects/salonirma-a559e:testIamPermissions [none]
[debug] [2023-12-22T21:42:26.048Z] >>> [apiv2][(partial)header] POST https://cloudresourcemanager.googleapis.com/v1/projects/salonirma-a559e:testIamPermissions x-goog-quota-user=projects/salonirma-a559e
[debug] [2023-12-22T21:42:26.048Z] >>> [apiv2][body] POST https://cloudresourcemanager.googleapis.com/v1/projects/salonirma-a559e:testIamPermissions {"permissions":["firebase.projects.get","firebasehosting.sites.update"]}
[debug] [2023-12-22T21:42:26.238Z] <<< [apiv2][status] GET https://firebase-public.firebaseio.com/cli.json 200
[debug] [2023-12-22T21:42:26.239Z] <<< [apiv2][body] GET https://firebase-public.firebaseio.com/cli.json {"cloudBuildErrorAfter":1594252800000,"cloudBuildWarnAfter":1590019200000,"defaultNode10After":1594252800000,"minVersion":"3.0.5","node8DeploysDisabledAfter":1613390400000,"node8RuntimeDisabledAfter":1615809600000,"node8WarnAfter":1600128000000}
[debug] [2023-12-22T21:42:27.062Z] <<< [apiv2][status] POST https://cloudresourcemanager.googleapis.com/v1/projects/salonirma-a559e:testIamPermissions 200
[debug] [2023-12-22T21:42:27.062Z] <<< [apiv2][body] POST https://cloudresourcemanager.googleapis.com/v1/projects/salonirma-a559e:testIamPermissions {}
[debug] [2023-12-22T21:42:27.063Z] [iam] error while checking permissions, command may fail: FirebaseError: Authorization failed. This account is missing the following required permissions on project salonirma-a559e:

  firebase.projects.get
  firebasehosting.sites.update
[debug] [2023-12-22T21:42:27.064Z] >>> [apiv2][query] GET https://firebase.googleapis.com/v1beta1/projects/salonirma-a559e [none]
[debug] [2023-12-22T21:42:27.418Z] <<< [apiv2][status] GET https://firebase.googleapis.com/v1beta1/projects/salonirma-a559e 403
[debug] [2023-12-22T21:42:27.418Z] <<< [apiv2][body] GET https://firebase.googleapis.com/v1beta1/projects/salonirma-a559e {"error":{"code":403,"message":"The caller does not have permission","status":"PERMISSION_DENIED"}}
[debug] [2023-12-22T21:42:27.419Z] HTTP Error: 403, The caller does not have permission
[error] 
[error] Error: Assertion failed: resolving hosting target of a site with no site name or target name. This should have caused an error earlier
